::1 - - [26/Dec/2021:08:54:06 +0000] "GET / HTTP/1.1" 302 52 "-" "Mozilla/5.0 (Windows NT 10.0; Win64; x64) AppleWebKit/537.36 (KHTML, like Gecko) Chrome/96.0.4664.110 Safari/537.36"
::1 - - [26/Dec/2021:08:55:19 +0000] "POST /records HTTP/1.1" 415 144 "http://localhost:1076/doc/" "Mozilla/5.0 (Windows NT 10.0; Win64; x64) AppleWebKit/537.36 (KHTML, like Gecko) Chrome/96.0.4664.110 Safari/537.36"
::1 - - [26/Dec/2021:09:27:22 +0000] "GET / HTTP/1.1" 302 52 "-" "Mozilla/5.0 (Windows NT 10.0; Win64; x64) AppleWebKit/537.36 (KHTML, like Gecko) Chrome/96.0.4664.110 Safari/537.36"
::1 - - [26/Dec/2021:09:27:30 +0000] "GET /records HTTP/1.1" 302 52 "-" "Mozilla/5.0 (Windows NT 10.0; Win64; x64) AppleWebKit/537.36 (KHTML, like Gecko) Chrome/96.0.4664.110 Safari/537.36"
::1 - - [26/Dec/2021:09:28:11 +0000] "GET /records HTTP/1.1" 405 57 "-" "Mozilla/5.0 (Windows NT 10.0; Win64; x64) AppleWebKit/537.36 (KHTML, like Gecko) Chrome/96.0.4664.110 Safari/537.36"
::1 - - [26/Dec/2021:09:28:11 +0000] "GET /favicon.ico HTTP/1.1" 404 60 "http://localhost:1076/records" "Mozilla/5.0 (Windows NT 10.0; Win64; x64) AppleWebKit/537.36 (KHTML, like Gecko) Chrome/96.0.4664.110 Safari/537.36"
::1 - - [26/Dec/2021:09:28:55 +0000] "GET /records HTTP/1.1" 405 57 "-" "Mozilla/5.0 (Windows NT 10.0; Win64; x64) AppleWebKit/537.36 (KHTML, like Gecko) Chrome/96.0.4664.110 Safari/537.36"
::1 - - [26/Dec/2021:09:29:04 +0000] "GET /records HTTP/1.1" 405 57 "-" "Mozilla/5.0 (Windows NT 10.0; Win64; x64) AppleWebKit/537.36 (KHTML, like Gecko) Chrome/96.0.4664.110 Safari/537.36"
::1 - - [26/Dec/2021:09:29:05 +0000] "GET /records HTTP/1.1" 405 57 "-" "Mozilla/5.0 (Windows NT 10.0; Win64; x64) AppleWebKit/537.36 (KHTML, like Gecko) Chrome/96.0.4664.110 Safari/537.36"
::1 - - [26/Dec/2021:09:29:09 +0000] "GET /asdas HTTP/1.1" 404 60 "-" "Mozilla/5.0 (Windows NT 10.0; Win64; x64) AppleWebKit/537.36 (KHTML, like Gecko) Chrome/96.0.4664.110 Safari/537.36"
::1 - - [26/Dec/2021:09:29:47 +0000] "GET /asdas HTTP/1.1" 404 60 "-" "Mozilla/5.0 (Windows NT 10.0; Win64; x64) AppleWebKit/537.36 (KHTML, like Gecko) Chrome/96.0.4664.110 Safari/537.36"
::1 - - [26/Dec/2021:09:29:53 +0000] "GET /asdas HTTP/1.1" 404 60 "-" "Mozilla/5.0 (Windows NT 10.0; Win64; x64) AppleWebKit/537.36 (KHTML, like Gecko) Chrome/96.0.4664.110 Safari/537.36"
::1 - - [26/Dec/2021:09:30:01 +0000] "GET /records HTTP/1.1" 405 57 "-" "Mozilla/5.0 (Windows NT 10.0; Win64; x64) AppleWebKit/537.36 (KHTML, like Gecko) Chrome/96.0.4664.110 Safari/537.36"
::1 - - [26/Dec/2021:09:30:51 +0000] "GET /records HTTP/1.1" 405 57 "-" "Mozilla/5.0 (Windows NT 10.0; Win64; x64) AppleWebKit/537.36 (KHTML, like Gecko) Chrome/96.0.4664.110 Safari/537.36"
::1 - - [26/Dec/2021:09:31:25 +0000] "POST /records HTTP/1.1" 200 4953 "-" "PostmanRuntime/7.28.4"
::1 - - [26/Dec/2021:09:31:33 +0000] "POST /records HTTP/1.1" 415 99 "-" "PostmanRuntime/7.28.4"
::1 - - [26/Dec/2021:09:31:47 +0000] "POST /records/s HTTP/1.1" 404 60 "-" "PostmanRuntime/7.28.4"
::1 - - [26/Dec/2021:09:31:58 +0000] "POST /asd HTTP/1.1" 404 60 "-" "PostmanRuntime/7.28.4"
::1 - - [26/Dec/2021:09:35:05 +0000] "GET /records HTTP/1.1" 405 57 "-" "Mozilla/5.0 (Windows NT 10.0; Win64; x64) AppleWebKit/537.36 (KHTML, like Gecko) Chrome/96.0.4664.110 Safari/537.36"
::1 - - [26/Dec/2021:09:35:21 +0000] "GET / HTTP/1.1" 302 26 "-" "PostmanRuntime/7.28.4"
::1 - - [26/Dec/2021:09:35:33 +0000] "GET /s HTTP/1.1" 404 60 "-" "PostmanRuntime/7.28.4"
::1 - - [26/Dec/2021:11:11:18 +0000] "POST / HTTP/1.1" 404 60 "-" "PostmanRuntime/7.28.4"
::1 - - [26/Dec/2021:11:11:43 +0000] "POST / HTTP/1.1" 404 60 "-" "PostmanRuntime/7.28.4"
::1 - - [26/Dec/2021:11:12:07 +0000] "GET / HTTP/1.1" 302 52 "-" "Mozilla/5.0 (Windows NT 10.0; Win64; x64) AppleWebKit/537.36 (KHTML, like Gecko) Chrome/96.0.4664.110 Safari/537.36"
::1 - - [26/Dec/2021:11:12:15 +0000] "POST /records HTTP/1.1" 415 144 "http://localhost:1076/doc/" "Mozilla/5.0 (Windows NT 10.0; Win64; x64) AppleWebKit/537.36 (KHTML, like Gecko) Chrome/96.0.4664.110 Safari/537.36"
::1 - - [26/Dec/2021:11:12:27 +0000] "POST /records HTTP/1.1" 200 4953 "-" "PostmanRuntime/7.28.4"
::1 - - [26/Dec/2021:16:18:49 +0000] "POST /records HTTP/1.1" 200 4956 "-" "PostmanRuntime/7.28.4"
::1 - - [26/Dec/2021:16:20:02 +0000] "POST /records HTTP/1.1" 200 4956 "-" "PostmanRuntime/7.28.4"
::1 - - [26/Dec/2021:16:21:14 +0000] "POST /records HTTP/1.1" 200 4956 "-" "PostmanRuntime/7.28.4"
::1 - - [26/Dec/2021:16:21:43 +0000] "POST /records HTTP/1.1" 200 46642 "-" "PostmanRuntime/7.28.4"
::1 - - [26/Dec/2021:16:22:13 +0000] "POST /records HTTP/1.1" 200 46642 "-" "PostmanRuntime/7.28.4"
::1 - - [26/Dec/2021:16:23:14 +0000] "POST /records HTTP/1.1" 200 26581 "-" "PostmanRuntime/7.28.4"
::1 - - [26/Dec/2021:16:27:50 +0000] "GET / HTTP/1.1" 302 52 "-" "Mozilla/5.0 (Windows NT 10.0; Win64; x64) AppleWebKit/537.36 (KHTML, like Gecko) Chrome/96.0.4664.110 Safari/537.36"
::1 - - [26/Dec/2021:16:38:41 +0000] "POST /records HTTP/1.1" 200 26581 "-" "PostmanRuntime/7.28.4"
::1 - - [26/Dec/2021:16:38:47 +0000] "POST /records HTTP/1.1" 200 13073 "-" "PostmanRuntime/7.28.4"
::1 - - [26/Dec/2021:16:38:56 +0000] "POST /records HTTP/1.1" 200 2414 "-" "PostmanRuntime/7.28.4"
::1 - - [26/Dec/2021:16:44:21 +0000] "POST /records HTTP/1.1" 200 2414 "-" "PostmanRuntime/7.28.4"
::1 - - [26/Dec/2021:16:54:46 +0000] "POST /records HTTP/1.1" 200 192 "-" "PostmanRuntime/7.28.4"
::1 - - [26/Dec/2021:17:09:07 +0000] "POST /records HTTP/1.1" 200 192 "-" "PostmanRuntime/7.28.4"
::1 - - [26/Dec/2021:17:09:13 +0000] "POST /recordss HTTP/1.1" 404 60 "-" "PostmanRuntime/7.28.4"
::1 - - [26/Dec/2021:17:09:17 +0000] "POST /records HTTP/1.1" 200 192 "-" "PostmanRuntime/7.28.4"
::1 - - [26/Dec/2021:17:09:25 +0000] "POST /records HTTP/1.1" 415 98 "-" "PostmanRuntime/7.28.4"
::1 - - [26/Dec/2021:17:23:01 +0000] "POST /records HTTP/1.1" 200 192 "-" "PostmanRuntime/7.28.4"
