/asdas: not existing endpoint - 2021-12-26T09:29:47.537Z
/asdas: not existing endpoint - 2021-12-26T09:29:53.244Z
/records: method not allowed - 2021-12-26T09:30:01.042Z
/records: validation error - 2021-12-26T09:31:33.639Z
/records/s: not existing endpoint - 2021-12-26T09:31:47.612Z
/asd: not existing endpoint - 2021-12-26T09:31:58.427Z
/records: method not allowed - 2021-12-26T09:35:05.894Z
/s: not existing endpoint - 2021-12-26T09:35:33.490Z
/: not existing endpoint - 2021-12-26T11:11:18.185Z
/: not existing endpoint - 2021-12-26T11:11:43.300Z
/records: validation error - 2021-12-26T11:12:15.216Z
/records: validation error - 2021-12-26T16:57:13.232Z
/records: validation error - 2021-12-26T16:57:13.240Z
/records: validation error - 2021-12-26T16:57:13.247Z
/records: method not allowed - 2021-12-26T16:57:13.254Z
/records: validation error - 2021-12-26T16:57:50.898Z
/records: validation error - 2021-12-26T16:57:50.910Z
/records: validation error - 2021-12-26T16:57:50.917Z
/records: method not allowed - 2021-12-26T16:57:50.923Z
/records: validation error - 2021-12-26T16:57:51.046Z
/records: validation error - 2021-12-26T16:57:51.057Z
/records: validation error - 2021-12-26T16:57:51.064Z
/records: method not allowed - 2021-12-26T16:57:51.070Z
/records: validation error - 2021-12-26T16:58:46.408Z
/records: validation error - 2021-12-26T16:58:46.416Z
/records: validation error - 2021-12-26T16:58:46.424Z
/records: method not allowed - 2021-12-26T16:58:46.431Z
/records: validation error - 2021-12-26T16:58:46.468Z
/records: validation error - 2021-12-26T16:58:46.478Z
/records: validation error - 2021-12-26T16:58:46.485Z
/records: method not allowed - 2021-12-26T16:58:46.495Z
/records: validation error - 2021-12-26T17:02:49.388Z
/records: validation error - 2021-12-26T17:02:49.400Z
/records: validation error - 2021-12-26T17:02:49.408Z
/records: method not allowed - 2021-12-26T17:02:49.415Z
/records: validation error - 2021-12-26T17:03:09.962Z
/records: validation error - 2021-12-26T17:03:09.977Z
/records: validation error - 2021-12-26T17:03:09.985Z
/records: method not allowed - 2021-12-26T17:03:09.993Z
/records: validation error - 2021-12-26T17:04:12.544Z
/records: validation error - 2021-12-26T17:04:12.558Z
/records: validation error - 2021-12-26T17:04:12.564Z
/records: method not allowed - 2021-12-26T17:04:12.572Z
/records: validation error - 2021-12-26T17:05:23.757Z
/records: validation error - 2021-12-26T17:05:23.774Z
/records: validation error - 2021-12-26T17:05:23.782Z
/records: method not allowed - 2021-12-26T17:05:23.791Z
/records: validation error - 2021-12-26T17:07:35.594Z
/records: validation error - 2021-12-26T17:07:35.610Z
/records: validation error - 2021-12-26T17:07:35.618Z
/records: method not allowed - 2021-12-26T17:07:35.626Z
/recordss: not existing endpoint - 2021-12-26T17:09:13.638Z
/records: validation error - 2021-12-26T17:09:25.666Z
/records: validation error - 2021-12-26T17:10:57.331Z
/records: validation error - 2021-12-26T17:10:57.339Z
/records: validation error - 2021-12-26T17:10:57.349Z
/records: method not allowed - 2021-12-26T17:10:57.362Z
/records: validation error - 2021-12-26T17:11:17.869Z
/records: validation error - 2021-12-26T17:11:17.878Z
/records: validation error - 2021-12-26T17:11:17.886Z
/records: method not allowed - 2021-12-26T17:11:17.892Z
/records: validation error - 2021-12-26T17:12:54.592Z
/records: validation error - 2021-12-26T17:12:54.599Z
/records: validation error - 2021-12-26T17:12:54.607Z
/records: method not allowed - 2021-12-26T17:12:54.613Z
/records: validation error - 2021-12-26T17:14:57.524Z
/records: validation error - 2021-12-26T17:14:57.532Z
/records: validation error - 2021-12-26T17:14:57.539Z
/records: validation error - 2021-12-26T17:15:33.046Z
/records: validation error - 2021-12-26T17:15:33.062Z
/records: validation error - 2021-12-26T17:15:33.068Z
/records: validation error - 2021-12-26T17:16:25.972Z
/records: validation error - 2021-12-26T17:16:25.982Z
/records: validation error - 2021-12-26T17:16:25.991Z
/records: validation error - 2021-12-26T17:17:30.405Z
/records: validation error - 2021-12-26T17:17:30.413Z
/records: validation error - 2021-12-26T17:17:30.420Z
/records: validation error - 2021-12-26T17:18:37.036Z
/records: validation error - 2021-12-26T17:18:37.043Z
/records: validation error - 2021-12-26T17:18:37.050Z
/records: validation error - 2021-12-26T17:20:07.225Z
/records: validation error - 2021-12-26T17:20:07.236Z
/records: validation error - 2021-12-26T17:20:07.244Z
/records: validation error - 2021-12-26T17:22:40.662Z
/records: validation error - 2021-12-26T17:22:40.669Z
/records: validation error - 2021-12-26T17:22:40.675Z
